<?xml version="1.0" encoding="UTF-8"?>
<coverage generated="1599965531810" clover="3.2.0">
  <project timestamp="1599965531810" name="All files">
    <metrics statements="7" coveredstatements="5" conditionals="0" coveredconditionals="0" methods="4" coveredmethods="2" elements="11" coveredelements="7" complexity="0" loc="7" ncloc="7" packages="1" files="3" classes="3"/>
    <file name="MyScreen.js" path="/Users/bungferdly/Projects/T4-Testing/MyApp/src/MyScreen.js">
      <metrics statements="4" coveredstatements="3" conditionals="0" coveredconditionals="0" methods="2" coveredmethods="1"/>
      <line num="4" count="1" type="stmt"/>
      <line num="5" count="1" type="stmt"/>
      <line num="6" count="1" type="stmt"/>
      <line num="12" count="0" type="stmt"/>
    </file>
    <file name="analyticsUtils.js" path="/Users/bungferdly/Projects/T4-Testing/MyApp/src/analyticsUtils.js">
      <metrics statements="1" coveredstatements="0" conditionals="0" coveredconditionals="0" methods="1" coveredmethods="0"/>
      <line num="2" count="0" type="stmt"/>
    </file>
    <file name="mathUtils.js" path="/Users/bungferdly/Projects/T4-Testing/MyApp/src/mathUtils.js">
      <metrics statements="2" coveredstatements="2" conditionals="0" coveredconditionals="0" methods="1" coveredmethods="1"/>
      <line num="4" count="1" type="stmt"/>
      <line num="5" count="1" type="stmt"/>
    </file>
  </project>
</coverage>
