{"/Users/bungferdly/Projects/T4-Testing/MyApp/src/MyScreen.js": {"path":"/Users/bungferdly/Projects/T4-Testing/MyApp/src/MyScreen.js","statementMap":{"0":{"start":{"line":4,"column":17},"end":{"line":17,"column":1}},"1":{"start":{"line":5,"column":30},"end":{"line":5,"column":49}},"2":{"start":{"line":6,"column":2},"end":{"line":16,"column":4}},"3":{"start":{"line":12,"column":23},"end":{"line":12,"column":50}}},"fnMap":{"0":{"name":"(anonymous_0)","decl":{"start":{"line":4,"column":17},"end":{"line":4,"column":18}},"loc":{"start":{"line":4,"column":23},"end":{"line":17,"column":1}},"line":4},"1":{"name":"(anonymous_1)","decl":{"start":{"line":12,"column":17},"end":{"line":12,"column":18}},"loc":{"start":{"line":12,"column":23},"end":{"line":12,"column":50}},"line":12}},"branchMap":{},"s":{"0":1,"1":1,"2":1,"3":0},"f":{"0":1,"1":0},"b":{},"_coverageSchema":"1a1c01bbd47fc00a2c39e90264f33305004495a9","hash":"0ec51946c8617079dd44e2e09eccc04e16c799c4"}
,"/Users/bungferdly/Projects/T4-Testing/MyApp/src/analyticsUtils.js": {"path":"/Users/bungferdly/Projects/T4-Testing/MyApp/src/analyticsUtils.js","statementMap":{"0":{"start":{"line":2,"column":2},"end":{"line":2,"column":28}}},"fnMap":{"0":{"name":"track","decl":{"start":{"line":1,"column":16},"end":{"line":1,"column":21}},"loc":{"start":{"line":1,"column":28},"end":{"line":3,"column":1}},"line":1}},"branchMap":{},"s":{"0":0},"f":{"0":0},"b":{},"_coverageSchema":"1a1c01bbd47fc00a2c39e90264f33305004495a9","hash":"f87d8dc4013bb940a90440ace3e0613fbafcfa76"}
,"/Users/bungferdly/Projects/T4-Testing/MyApp/src/mathUtils.js": {"path":"/Users/bungferdly/Projects/T4-Testing/MyApp/src/mathUtils.js","statementMap":{"0":{"start":{"line":4,"column":2},"end":{"line":4,"column":22}},"1":{"start":{"line":5,"column":2},"end":{"line":5,"column":15}}},"fnMap":{"0":{"name":"addNumbers","decl":{"start":{"line":3,"column":16},"end":{"line":3,"column":26}},"loc":{"start":{"line":3,"column":33},"end":{"line":6,"column":1}},"line":3}},"branchMap":{},"s":{"0":1,"1":1},"f":{"0":1},"b":{},"_coverageSchema":"1a1c01bbd47fc00a2c39e90264f33305004495a9","hash":"e2d8f5bbe82ac07f52220bd408e10052e006cbae"}
}
